<?xml version="1.0" encoding="UTF-8"?>
<testng-results ignored="0" total="1" passed="1" failed="0" skipped="0">
  <reporter-output>
  </reporter-output>
  <suite started-at="2022-08-24T23:35:44 BDT" name="Default suite" finished-at="2022-08-24T23:37:01 BDT" duration-ms="77540">
    <groups>
    </groups>
    <test started-at="2022-08-24T23:35:44 BDT" name="Default test" finished-at="2022-08-24T23:37:01 BDT" duration-ms="77540">
      <class name="chaldal_test.test">
        <test-method is-config="true" signature="setup()[pri:0, instance:chaldal_test.test@6cd28fa7]" started-at="2022-08-24T23:35:44 BDT" name="setup" finished-at="2022-08-24T23:36:04 BDT" duration-ms="20699" status="PASS">
          <reporter-output>
          </reporter-output>
        </test-method> <!-- setup -->
        <test-method signature="test_por()[pri:0, instance:chaldal_test.test@6cd28fa7]" started-at="2022-08-24T23:36:04 BDT" name="test_por" finished-at="2022-08-24T23:37:01 BDT" duration-ms="56804" status="PASS">
          <reporter-output>
          </reporter-output>
        </test-method> <!-- test_por -->
      </class> <!-- chaldal_test.test -->
    </test> <!-- Default test -->
  </suite> <!-- Default suite -->
</testng-results>
